<?xml version="1.0" encoding="UTF-8"?>
<!-- Generated by org.testng.reporters.JUnitXMLReporter -->
<testsuite ignored="7" hostname="Snowfy" failures="0" tests="1" name="Test" time="0.086" errors="0" timestamp="2026-07-19T19:42:57 IST">
  <testcase classname="framework.TestngAnno" name="actualtest" time="0.013"/>
  <testcase classname="framework.CarModel" name="car1Model" time="0.0">
    <ignored/>
  </testcase> <!-- car1Model -->
  <testcase classname="framework.BikeModel" name="Bike1model" time="0.0">
    <ignored/>
  </testcase> <!-- Bike1model -->
  <testcase classname="framework.BikeModel" name="Bike2model" time="0.0">
    <ignored/>
  </testcase> <!-- Bike2model -->
  <testcase classname="framework.BikeModel" name="NewBike3model" time="0.0">
    <ignored/>
  </testcase> <!-- NewBike3model -->
  <testcase classname="framework.CarModel" name="car2Model" time="0.0">
    <ignored/>
  </testcase> <!-- car2Model -->
  <testcase classname="framework.CarModel" name="car3Model" time="0.0">
    <ignored/>
  </testcase> <!-- car3Model -->
  <testcase classname="framework.TestngAnno" name="actualtest2" time="0.0">
    <ignored/>
  </testcase> <!-- actualtest2 -->
</testsuite> <!-- Test -->
